{"/Users/reginapeyfuss/IdeaProjects/react-component-library/src/index.ts": {"path":"/Users/reginapeyfuss/IdeaProjects/react-component-library/src/index.ts","statementMap":{"0":{"start":{"line":1,"column":0},"end":{"line":1,"column":46}}},"fnMap":{},"branchMap":{},"s":{"0":1},"f":{},"b":{}}
,"/Users/reginapeyfuss/IdeaProjects/react-component-library/src/components/ExampleComponent.tsx": {"path":"/Users/reginapeyfuss/IdeaProjects/react-component-library/src/components/ExampleComponent.tsx","statementMap":{"0":{"start":{"line":1,"column":0},"end":{"line":1,"column":30}},"1":{"start":{"line":7,"column":13},"end":{"line":9,"column":null}},"2":{"start":{"line":7,"column":72},"end":{"line":7,"column":74}},"3":{"start":{"line":7,"column":79},"end":{"line":9,"column":null}}},"fnMap":{"0":{"name":"(anonymous_6)","decl":{"start":{"line":7,"column":65},"end":{"line":7,"column":66}},"loc":{"start":{"line":7,"column":74},"end":{"line":7,"column":null}}}},"branchMap":{},"s":{"0":1,"1":1,"2":1,"3":1},"f":{"0":1},"b":{}}
}
